--- Startup times for process: Primary/TUI ---

times in msec
 clock   self+sourced   self:  sourced script
 clock   elapsed:              other lines

000.000  000.000: --- NVIM STARTING ---
000.048  000.048: event init
000.368  000.320: early init
000.730  000.361: locale set
000.763  000.034: init first window
000.984  000.220: inits 1
000.987  000.004: window checked
000.992  000.005: parsing arguments
001.425  000.019  000.019: require('vim.shared')
001.475  000.029  000.029: require('vim.inspect')
001.500  000.019  000.019: require('vim._options')
001.501  000.074  000.027: require('vim._editor')
001.502  000.126  000.032: require('vim._init_packages')
001.503  000.385: init lua interpreter
001.741  000.238: --- NVIM STARTED ---

--- Startup times for process: Embedded ---

times in msec
 clock   self+sourced   self:  sourced script
 clock   elapsed:              other lines

000.000  000.000: --- NVIM STARTING ---
000.052  000.051: event init
000.131  000.080: early init
000.322  000.191: locale set
000.342  000.020: init first window
000.507  000.165: inits 1
000.517  000.010: window checked
000.519  000.002: parsing arguments
000.782  000.019  000.019: require('vim.shared')
000.825  000.021  000.021: require('vim.inspect')
000.850  000.019  000.019: require('vim._options')
000.851  000.068  000.027: require('vim._editor')
000.852  000.117  000.031: require('vim._init_packages')
000.853  000.216: init lua interpreter
002.184  001.331: expanding arguments
002.192  000.008: inits 2
002.348  000.156: init highlight
002.349  000.001: waiting for UI
002.427  000.079: done waiting for UI
002.429  000.002: clear screen
002.472  000.006  000.006: require('vim.keymap')
002.967  000.535  000.529: require('vim._defaults')
002.968  000.003: init default mappings & autocommands
004.189  000.233  000.233: sourcing /opt/homebrew/Cellar/neovim/0.10.1/share/nvim/runtime/ftplugin.vim
004.476  000.147  000.147: sourcing /opt/homebrew/Cellar/neovim/0.10.1/share/nvim/runtime/indent.vim
005.025  000.316  000.316: require('core.mappings')
006.406  000.251  000.251: require('packer.util')
006.440  001.207  000.957: require('packer')
007.464  000.337  000.337: require('packer.log')
007.466  000.640  000.303: require('packer.async')
008.011  000.203  000.203: require('packer.result')
008.013  000.546  000.344: require('packer.jobs')
008.016  001.563  000.377: require('packer.plugin_utils')
008.227  000.205  000.205: require('packer.snapshot')
008.395  003.369  000.394: require('core.plugins')
008.839  000.443  000.443: require('core.set')
008.840  004.266  000.139: sourcing /Users/en/.config/nvim/init.lua
008.847  001.233: sourcing vimrc file(s)
009.688  000.180  000.180: sourcing /Users/en/.local/share/nvim/site/pack/packer/start/vim-fugitive/ftdetect/fugitive.vim
009.731  000.654  000.474: sourcing /opt/homebrew/Cellar/neovim/0.10.1/share/nvim/runtime/filetype.lua
010.182  000.126  000.126: sourcing /opt/homebrew/Cellar/neovim/0.10.1/share/nvim/runtime/syntax/synload.vim
010.244  000.445  000.319: sourcing /opt/homebrew/Cellar/neovim/0.10.1/share/nvim/runtime/syntax/syntax.vim
012.798  001.350  001.350: require('trouble')
013.160  000.361  000.361: require('trouble.config')
013.756  000.362  000.362: require('trouble.util')
013.758  000.582  000.221: require('trouble.config.highlights')
014.858  000.155  000.155: require('trouble.cache')
015.236  000.377  000.377: require('trouble.format')
015.415  000.177  000.177: require('trouble.view.indent')
015.633  000.218  000.218: require('trouble.view.text')
015.636  001.208  000.282: require('trouble.view.render')
015.638  001.460  000.252: require('trouble.view.preview')
015.639  001.746  000.286: require('trouble.view.main')
015.680  000.020  000.020: require('vim.fs')
015.747  004.851  000.790: sourcing /Users/en/.config/nvim/plugin/packer_compiled.lua
016.566  000.245  000.245: sourcing /opt/homebrew/Cellar/neovim/0.10.1/share/nvim/runtime/plugin/gzip.vim
017.485  000.255  000.255: sourcing /opt/homebrew/Cellar/neovim/0.10.1/share/nvim/runtime/pack/dist/opt/matchit/plugin/matchit.vim
017.534  000.932  000.676: sourcing /opt/homebrew/Cellar/neovim/0.10.1/share/nvim/runtime/plugin/matchit.vim
017.837  000.271  000.271: sourcing /opt/homebrew/Cellar/neovim/0.10.1/share/nvim/runtime/plugin/matchparen.vim
018.134  000.266  000.266: sourcing /opt/homebrew/Cellar/neovim/0.10.1/share/nvim/runtime/plugin/netrwPlugin.vim
018.409  000.102  000.102: sourcing /Users/en/.local/share/nvim/rplugin.vim
018.414  000.240  000.139: sourcing /opt/homebrew/Cellar/neovim/0.10.1/share/nvim/runtime/plugin/rplugin.vim
018.503  000.052  000.052: sourcing /opt/homebrew/Cellar/neovim/0.10.1/share/nvim/runtime/plugin/shada.vim
018.575  000.035  000.035: sourcing /opt/homebrew/Cellar/neovim/0.10.1/share/nvim/runtime/plugin/spellfile.vim
018.687  000.079  000.079: sourcing /opt/homebrew/Cellar/neovim/0.10.1/share/nvim/runtime/plugin/tarPlugin.vim
018.762  000.040  000.040: sourcing /opt/homebrew/Cellar/neovim/0.10.1/share/nvim/runtime/plugin/tutor.vim
018.882  000.084  000.084: sourcing /opt/homebrew/Cellar/neovim/0.10.1/share/nvim/runtime/plugin/zipPlugin.vim
018.980  000.063  000.063: sourcing /opt/homebrew/Cellar/neovim/0.10.1/share/nvim/runtime/plugin/editorconfig.lua
019.080  000.063  000.063: sourcing /opt/homebrew/Cellar/neovim/0.10.1/share/nvim/runtime/plugin/man.lua
019.175  000.061  000.061: sourcing /opt/homebrew/Cellar/neovim/0.10.1/share/nvim/runtime/plugin/osc52.lua
019.257  000.043  000.043: sourcing /opt/homebrew/Cellar/neovim/0.10.1/share/nvim/runtime/plugin/tohtml.lua
019.280  002.009: loading rtp plugins
021.492  000.179  000.179: require('Comment.config')
022.018  000.233  000.233: require('Comment.ft')
022.021  000.528  000.296: require('Comment.utils')
022.231  000.209  000.209: require('Comment.opfunc')
022.379  000.148  000.148: require('Comment.extra')
022.381  002.402  001.338: require('Comment.api')
022.464  002.639  000.237: sourcing /Users/en/.local/share/nvim/site/pack/packer/start/Comment.nvim/plugin/Comment.lua
023.056  000.169  000.169: sourcing /Users/en/.local/share/nvim/site/pack/packer/start/lsp-zero.nvim/plugin/lsp-zero.lua
023.328  000.106  000.106: sourcing /Users/en/.local/share/nvim/site/pack/packer/start/LuaSnip/plugin/luasnip.vim
024.311  000.822  000.822: require('vim.filetype')
025.368  000.102  000.102: require('luasnip.util.types')
025.370  000.375  000.273: require('luasnip.util.ext_opts')
025.772  000.103  000.103: require('luasnip.util.lazy_table')
025.894  000.121  000.121: require('luasnip.extras.filetype_functions')
025.898  000.418  000.194: require('luasnip.default_config')
025.900  000.529  000.111: require('luasnip.session')
025.901  001.242  000.338: require('luasnip.config')
026.748  000.314  000.314: require('luasnip.util.util')
027.269  000.086  000.086: require('luasnip.nodes.key_indexer')
027.272  000.523  000.437: require('luasnip.nodes.util')
027.543  000.091  000.091: require('luasnip.session.snippet_collection.source')
027.635  000.090  000.090: require('luasnip.util.table')
027.735  000.100  000.100: require('luasnip.util.auto_table')
027.739  000.466  000.185: require('luasnip.session.snippet_collection')
028.229  000.204  000.204: require('luasnip.util.select')
028.320  000.090  000.090: require('luasnip.util.time')
028.785  000.912  000.618: require('luasnip.util._builtin_vars')
028.853  001.114  000.202: require('luasnip.util.environ')
028.966  000.112  000.112: require('luasnip.util.extend_decorator')
029.379  000.268  000.268: require('luasnip.util.path')
029.836  000.226  000.226: require('luasnip.util.log')
029.838  000.458  000.232: require('luasnip.loaders.util')
030.001  000.003  000.003: require('vim.F')
030.003  000.164  000.161: require('luasnip.loaders.data')
030.305  000.301  000.301: require('luasnip.loaders.fs_watchers')
030.307  001.340  000.148: require('luasnip.loaders')
030.315  004.411  000.543: require('luasnip')
030.339  006.972  000.497: sourcing /Users/en/.local/share/nvim/site/pack/packer/start/LuaSnip/plugin/luasnip.lua
030.972  000.230  000.230: require('cmp.utils.api')
031.363  000.207  000.207: require('cmp.types.cmp')
031.877  000.297  000.297: require('cmp.utils.misc')
031.886  000.523  000.226: require('cmp.types.lsp')
031.983  000.096  000.096: require('cmp.types.vim')
031.984  001.011  000.185: require('cmp.types')
032.125  000.141  000.141: require('cmp.utils.highlight')
032.330  000.095  000.095: require('cmp.utils.debug')
032.333  000.207  000.113: require('cmp.utils.autocmd')
032.499  001.954  000.365: sourcing /Users/en/.local/share/nvim/site/pack/packer/start/nvim-cmp/plugin/cmp.lua
034.073  000.329  000.329: require('vim.lsp.log')
034.975  000.900  000.900: require('vim.lsp.protocol')
036.437  000.416  000.416: require('vim.lsp._snippet_grammar')
036.710  000.271  000.271: require('vim.highlight')
036.722  001.746  001.059: require('vim.lsp.util')
037.366  000.255  000.255: require('vim.lsp.sync')
037.406  000.682  000.427: require('vim.lsp._changetracking')
037.884  000.477  000.477: require('vim.lsp.rpc')
037.926  005.056  000.923: require('vim.lsp')
037.949  005.322  000.266: sourcing /Users/en/.local/share/nvim/site/pack/packer/start/nvim-lspconfig/plugin/lspconfig.lua
039.745  000.295  000.295: require('nvim-treesitter.utils')
042.317  000.257  000.257: require('vim.treesitter.language')
042.561  000.243  000.243: require('vim.func')
043.016  000.453  000.453: require('vim.func._memoize')
043.025  001.384  000.431: require('vim.treesitter.query')
043.213  000.187  000.187: require('vim.treesitter._range')
043.220  002.022  000.451: require('vim.treesitter.languagetree')
043.223  002.424  000.402: require('vim.treesitter')
043.967  004.221  001.798: require('nvim-treesitter.parsers')
045.218  000.209  000.209: require('nvim-treesitter.compat')
045.845  000.332  000.332: require('nvim-treesitter.ts_utils')
045.847  000.629  000.297: require('nvim-treesitter.tsrange')
045.978  000.129  000.129: require('nvim-treesitter.caching')
045.982  001.290  000.324: require('nvim-treesitter.query')
045.988  001.733  000.443: require('nvim-treesitter.configs')
045.989  002.021  000.288: require('nvim-treesitter.info')
046.287  000.298  000.298: require('nvim-treesitter.shell_command_selectors')
046.297  007.751  000.916: require('nvim-treesitter.install')
046.437  000.139  000.139: require('nvim-treesitter.statusline')
046.692  000.254  000.254: require('nvim-treesitter.query_predicates')
046.693  008.395  000.250: require('nvim-treesitter')
046.859  008.730  000.336: sourcing /Users/en/.local/share/nvim/site/pack/packer/start/nvim-treesitter/plugin/nvim-treesitter.lua
047.236  000.235  000.235: sourcing /Users/en/.local/share/nvim/site/pack/packer/start/nvim-ts-context-commentstring/plugin/ts_context_commentstring.lua
047.475  000.112  000.112: sourcing /Users/en/.local/share/nvim/site/pack/packer/start/nvim-web-devicons/plugin/nvim-web-devicons.vim
047.753  000.132  000.132: sourcing /Users/en/.local/share/nvim/site/pack/packer/start/plenary.nvim/plugin/plenary.vim
048.174  000.264  000.264: sourcing /Users/en/.local/share/nvim/site/pack/packer/start/telescope.nvim/plugin/telescope.lua
048.667  000.259  000.259: sourcing /Users/en/.local/share/nvim/site/pack/packer/start/undotree/plugin/undotree.vim
048.931  000.115  000.115: sourcing /Users/en/.local/share/nvim/site/pack/packer/start/vim-bbye/plugin/bbye.vim
049.175  000.122  000.122: sourcing /Users/en/.local/share/nvim/site/pack/packer/start/vim-be-good/plugin/vim-be-good.vim
050.062  000.768  000.768: sourcing /Users/en/.local/share/nvim/site/pack/packer/start/vim-fugitive/plugin/fugitive.vim
050.324  000.138  000.138: sourcing /Users/en/.local/share/nvim/site/pack/packer/start/which-key.nvim/plugin/which-key.lua
050.490  003.174: loading packages
051.974  000.249  000.249: require('cmp.utils.char')
051.977  000.517  000.268: require('cmp.utils.str')
052.813  000.114  000.114: require('cmp.utils.buffer')
052.815  000.661  000.546: require('cmp.utils.keymap')
052.817  000.839  000.178: require('cmp.utils.feedkeys')
053.650  000.161  000.161: require('cmp.config.mapping')
053.763  000.112  000.112: require('cmp.utils.cache')
054.197  000.303  000.303: require('cmp.config.compare')
054.198  000.434  000.131: require('cmp.config.default')
054.211  001.148  000.441: require('cmp.config')
054.217  001.400  000.251: require('cmp.utils.async')
054.536  000.186  000.186: require('cmp.utils.pattern')
054.540  000.322  000.136: require('cmp.context')
055.876  000.420  000.420: require('cmp.utils.snippet')
056.189  000.311  000.311: require('cmp.matcher')
056.192  001.306  000.574: require('cmp.entry')
056.195  001.655  000.349: require('cmp.source')
056.687  000.132  000.132: require('cmp.utils.event')
057.261  000.172  000.172: require('cmp.utils.options')
057.264  000.402  000.230: require('cmp.utils.window')
057.265  000.576  000.174: require('cmp.view.docs_view')
057.698  000.433  000.433: require('cmp.view.custom_entries_view')
057.919  000.220  000.220: require('cmp.view.wildmenu_entries_view')
058.094  000.174  000.174: require('cmp.view.native_entries_view')
058.360  000.266  000.266: require('cmp.view.ghost_text_view')
058.365  002.169  000.368: require('cmp.view')
058.564  007.541  000.640: require('cmp.core')
058.715  000.103  000.103: require('cmp.config.sources')
058.820  000.104  000.104: require('cmp.config.window')
058.844  008.184  000.437: require('cmp')
059.521  000.092  000.092: require('cmp_buffer.timer')
059.524  000.352  000.260: require('cmp_buffer.buffer')
059.526  000.526  000.174: require('cmp_buffer.source')
059.527  000.682  000.156: require('cmp_buffer')
059.535  008.956  000.089: sourcing /Users/en/.local/share/nvim/site/pack/packer/start/cmp-buffer/after/plugin/cmp_buffer.lua
060.035  000.127  000.127: require('cmp_nvim_lsp.source')
060.037  000.266  000.139: require('cmp_nvim_lsp')
060.042  000.408  000.142: sourcing /Users/en/.local/share/nvim/site/pack/packer/start/cmp-nvim-lsp/after/plugin/cmp_nvim_lsp.lua
060.462  000.291  000.291: require('cmp_path')
060.470  000.339  000.048: sourcing /Users/en/.local/share/nvim/site/pack/packer/start/cmp-path/after/plugin/cmp_path.lua
060.829  000.223  000.223: require('cmp_luasnip')
060.843  000.285  000.062: sourcing /Users/en/.local/share/nvim/site/pack/packer/start/cmp_luasnip/after/plugin/cmp_luasnip.lua
062.411  000.404  000.404: require('ibl.utils')
062.421  000.754  000.350: require('ibl.config')
062.965  000.199  000.199: require('ibl.indent')
062.969  000.547  000.348: require('ibl.hooks')
062.974  001.439  000.138: require('ibl.highlights')
063.144  000.169  000.169: require('ibl.autocmds')
063.410  000.266  000.266: require('ibl.inlay_hints')
063.586  000.174  000.174: require('ibl.virt_text')
064.142  000.431  000.431: require('ibl.scope_languages')
064.143  000.557  000.126: require('ibl.scope')
064.147  003.089  000.484: require('ibl')
064.158  003.218  000.129: sourcing /Users/en/.local/share/nvim/site/pack/packer/start/indent-blankline.nvim/after/plugin/commands.lua
067.172  002.535  002.535: sourcing /Users/en/.local/share/nvim/site/pack/packer/start/jellybeans.vim/colors/jellybeans.vim
067.280  002.987  000.451: sourcing /Users/en/.config/nvim/after/plugin/colors.lua
067.435  000.118  000.118: sourcing /Users/en/.config/nvim/after/plugin/fugitive.lua
069.277  000.306  000.306: require('plenary.bit')
069.493  000.215  000.215: require('plenary.functional')
069.508  000.011  000.011: require('ffi')
069.526  001.262  000.730: require('plenary.path')
070.244  000.203  000.203: require('plenary.compat')
070.248  000.529  000.326: require('plenary.job')
070.250  000.723  000.194: require('harpoon.utils')
070.750  000.320  000.320: require('plenary.log')
070.774  000.524  000.204: require('harpoon.dev')
071.026  003.079  000.570: require('harpoon')
071.031  003.427  000.348: require('harpoon.mark')
072.094  000.298  000.298: require('plenary.strings')
072.096  000.607  000.309: require('plenary.window.border')
072.306  000.210  000.210: require('plenary.window')
072.521  000.214  000.214: require('plenary.popup.utils')
072.523  001.310  000.279: require('plenary.popup')
072.526  001.494  000.184: require('harpoon.ui')
072.538  005.071  000.150: sourcing /Users/en/.config/nvim/after/plugin/harpoon.lua
072.990  000.261  000.261: require('lsp-zero')
073.358  000.365  000.365: require('lsp-zero.server')
074.810  001.448  001.448: require('vim.diagnostic')
075.634  000.418  000.418: require('lspconfig.util')
075.843  000.207  000.207: require('lspconfig.async')
075.844  001.029  000.404: require('lspconfig.configs')
076.381  000.240  000.240: require('mason-core.path')
076.990  000.328  000.328: require('mason-core.functional')
077.257  000.109  000.109: require('mason-core.functional.data')
077.260  000.260  000.151: require('mason-core.functional.function')
077.369  000.100  000.100: require('mason-core.functional.relation')
077.481  000.109  000.109: require('mason-core.functional.logic')
077.489  001.107  000.310: require('mason-core.platform')
077.620  000.131  000.131: require('mason.settings')
077.647  001.733  000.256: require('mason')
078.306  000.225  000.225: require('mason-core.functional.list')
078.436  000.129  000.129: require('mason-core.functional.string')
078.448  000.711  000.357: require('mason.api.command')
078.605  000.154  000.154: require('mason-registry.sources')
079.074  000.175  000.175: require('mason-core.log')
079.272  000.198  000.198: require('mason-lspconfig.settings')
079.274  000.663  000.290: require('mason-lspconfig')
079.923  000.402  000.402: require('mason-lspconfig.notify')
079.925  000.647  000.246: require('mason-lspconfig.lspconfig_hook')
080.307  000.113  000.113: require('mason-core.functional.table')
080.326  000.400  000.288: require('mason-lspconfig.mappings.server')
080.616  000.112  000.112: require('mason-core.EventEmitter')
080.730  000.114  000.114: require('mason-core.optional')
081.131  000.256  000.256: require('mason-core.async')
081.226  000.093  000.093: require('mason-core.async.uv')
081.229  000.498  000.148: require('mason-core.fs')
081.238  000.911  000.187: require('mason-registry')
081.332  000.094  000.094: require('mason-lspconfig.server_config_extensions')
081.575  000.241  000.241: require('lspconfig.server_configurations.omnisharp')
082.148  000.105  000.105: require('mason-core.functional.number')
082.158  000.454  000.349: require('mason-lspconfig.api.command')
082.706  000.195  000.195: require('lspconfig')
082.924  000.217  000.217: require('lspconfig.server_configurations.svelte')
083.566  000.292  000.292: require('lspconfig.manager')
083.754  000.184  000.184: require('lspconfig.server_configurations.markdown_oxide')
084.292  000.291  000.291: require('lspconfig.server_configurations.tailwindcss')
084.877  000.287  000.287: require('lspconfig.server_configurations.terraformls')
085.238  000.115  000.115: require('lspconfig.server_configurations.phpactor')
085.741  000.216  000.216: require('lspconfig.server_configurations.csharp_ls')
086.167  000.210  000.210: require('lspconfig.server_configurations.jsonls')
086.522  000.105  000.105: require('lspconfig.server_configurations.vuels')
086.901  000.113  000.113: require('lspconfig.server_configurations.ts_ls')
087.200  000.192  000.192: require('lspconfig.server_configurations.bashls')
087.563  000.102  000.102: require('lspconfig.server_configurations.yamlls')
088.206  000.311  000.311: require('lspconfig.server_configurations.eslint')
088.651  000.107  000.107: require('lspconfig.server_configurations.quick_lint_js')
089.084  000.202  000.202: require('lspconfig.server_configurations.css_variables')
089.465  000.098  000.098: require('lspconfig.server_configurations.sqlls')
089.904  000.124  000.124: require('lspconfig.server_configurations.pylsp')
090.041  000.116  000.116: require('mason-lspconfig.server_configurations.pylsp')
090.338  000.232  000.232: require('lspconfig.server_configurations.docker_compose_language_service')
090.823  000.186  000.186: require('lspconfig.server_configurations.dockerls')
091.169  000.112  000.112: require('lspconfig.server_configurations.lua_ls')
091.520  000.132  000.132: require('lspconfig.server_configurations.html')
092.140  019.568  006.318: sourcing /Users/en/.config/nvim/after/plugin/lsp-zero.lua
092.891  000.528  000.528: require('telescope.builtin')
092.909  000.722  000.194: sourcing /Users/en/.config/nvim/after/plugin/telescope.lua
096.834  000.274  000.274: require('nvim-treesitter.highlight')
096.908  003.966  003.692: sourcing /Users/en/.config/nvim/after/plugin/treesitter.lua
097.214  000.269  000.269: sourcing /Users/en/.config/nvim/after/plugin/trouble.lua
097.402  000.155  000.155: sourcing /Users/en/.config/nvim/after/plugin/undotree.lua
097.403  000.853: loading after plugins
097.405  000.002: inits 3
098.934  001.529: reading ShaDa
099.778  000.373  000.373: require('luasnip.util.directed_graph')
099.964  000.185  000.185: require('luasnip.session.enqueueable_operations')
099.969  000.993  000.435: require('luasnip.loaders.from_lua')
102.091  000.110  000.110: require('luasnip.util.events')
102.100  000.479  000.369: require('luasnip.nodes.node')
102.443  000.342  000.342: require('luasnip.nodes.insertNode')
102.581  000.137  000.137: require('luasnip.nodes.textNode')
102.898  000.316  000.316: require('luasnip.util.mark')
103.049  000.150  000.150: require('luasnip.util.pattern_tokenizer')
103.178  000.128  000.128: require('luasnip.util.dict')
104.684  001.361  001.361: require('luasnip.util.jsregexp')
104.686  001.506  000.146: require('luasnip.nodes.util.trig_engines')
104.716  003.928  000.871: require('luasnip.nodes.snippet')
104.719  004.167  000.239: require('luasnip.nodes.duplicate')
104.721  004.382  000.215: require('luasnip.loaders.snippet_cache')
104.728  004.757  000.375: require('luasnip.loaders.from_snipmate')
106.175  000.148  000.148: require('luasnip.util.parser.neovim_ast')
106.358  000.182  000.182: require('luasnip.util.str')
106.859  000.468  000.468: require('luasnip.util.jsregexp')
106.863  001.149  000.350: require('luasnip.util.parser.ast_utils')
107.032  000.168  000.168: require('luasnip.nodes.functionNode')
107.422  000.389  000.389: require('luasnip.nodes.choiceNode')
107.832  000.410  000.410: require('luasnip.nodes.dynamicNode')
108.016  000.182  000.182: require('luasnip.util.functions')
108.020  002.596  000.299: require('luasnip.util.parser.ast_parser')
108.335  000.314  000.314: require('luasnip.util.parser.neovim_parser')
108.369  003.136  000.225: require('luasnip.util.parser')
108.621  000.250  000.250: require('luasnip.nodes.snippetProxy')
108.958  000.336  000.336: require('luasnip.util.jsonc')
108.964  004.234  000.513: require('luasnip.loaders.from_vscode')
108.999  000.080: opening buffers
109.050  000.051: BufEnter autocommands
109.051  000.002: editing files in windows
109.124  000.073: VimEnter autocommands
109.272  000.148: UIEnter autocommands
109.744  000.273  000.273: sourcing /opt/homebrew/Cellar/neovim/0.10.1/share/nvim/runtime/autoload/provider/clipboard.vim
109.748  000.203: before starting main loop
109.878  000.130: first screen update
109.879  000.001: --- NVIM STARTED ---

